h:\sva\team_project\vs2013-w32\debug\vc120.pdb
h:\sva\team_project\vs2013-w32\debug\vc120.idb
h:\sva\team_project\vs2013-w32\debug\global_v.obj
h:\sva\team_project\vs2013-w32\debug\team_seisaku1.obj
h:\sva\team_project\vs2013-w32\debug\init.obj
h:\sva\team_project\vs2013-w32\debug\player.obj
h:\sva\team_project\vs2013-w32\debug\idou.obj
h:\sva\team_project\vs2013-w32\debug\vs2013-w32.ilk
h:\sva\team_project\vs2013-w32\debug\vs2013-w32.exe
h:\sva\team_project\vs2013-w32\debug\vs2013-w32.pdb
h:\sva\team_project\vs2013-w32\debug\vs2013-w32.tlog\cl.command.1.tlog
h:\sva\team_project\vs2013-w32\debug\vs2013-w32.tlog\cl.read.1.tlog
h:\sva\team_project\vs2013-w32\debug\vs2013-w32.tlog\cl.write.1.tlog
h:\sva\team_project\vs2013-w32\debug\vs2013-w32.tlog\link-cvtres.read.1.tlog
h:\sva\team_project\vs2013-w32\debug\vs2013-w32.tlog\link-cvtres.write.1.tlog
h:\sva\team_project\vs2013-w32\debug\vs2013-w32.tlog\link-rc.read.1.tlog
h:\sva\team_project\vs2013-w32\debug\vs2013-w32.tlog\link-rc.write.1.tlog
h:\sva\team_project\vs2013-w32\debug\vs2013-w32.tlog\link.11572-cvtres.read.1.tlog
h:\sva\team_project\vs2013-w32\debug\vs2013-w32.tlog\link.11572-cvtres.write.1.tlog
h:\sva\team_project\vs2013-w32\debug\vs2013-w32.tlog\link.11572-rc.read.1.tlog
h:\sva\team_project\vs2013-w32\debug\vs2013-w32.tlog\link.11572-rc.write.1.tlog
h:\sva\team_project\vs2013-w32\debug\vs2013-w32.tlog\link.11572.read.1.tlog
h:\sva\team_project\vs2013-w32\debug\vs2013-w32.tlog\link.11572.write.1.tlog
h:\sva\team_project\vs2013-w32\debug\vs2013-w32.tlog\link.command.1.tlog
h:\sva\team_project\vs2013-w32\debug\vs2013-w32.tlog\link.read.1.tlog
h:\sva\team_project\vs2013-w32\debug\vs2013-w32.tlog\link.write.1.tlog
